#
# A fatal error has been detected by the Java Runtime Environment:
#
#  Internal Error (safepoint.cpp:899), pid=80313, tid=38151
#  fatal error: Illegal threadstate encountered: 4
#
# JRE version: Java(TM) SE Runtime Environment (12.0.2+10) (build 12.0.2+10)
# Java VM: Java HotSpot(TM) 64-Bit Server VM (12.0.2+10, mixed mode, sharing, tiered, compressed oops, g1 gc, bsd-amd64)
# No core dump will be written. Core dumps have been disabled. To enable core dumping, try "ulimit -c unlimited" before starting Java again
#
# If you would like to submit a bug report, please visit:
#   http://bugreport.java.com/bugreport/crash.jsp
# The crash happened outside the Java Virtual Machine in native code.
# See problematic frame for where to report the bug.
#

---------------  S U M M A R Y ------------

Command Line: -Dfile.encoding=UTF-8 -Duser.country=GB -Duser.language=en -Duser.variant seedu.address.Main

Host: MacBookAir8,1 x86_64 1600 MHz, 4 cores, 8G, Darwin 21.6.0
Time: Tue Feb 14 13:16:30 2023 +08 elapsed time: 7 seconds (0d 0h 0m 7s)

---------------  T H R E A D  ---------------

Current thread (0x00007fdaeeb47800):  JavaThread "InvokeLaterDispatcher" daemon [_thread_in_native, id=38151, stack(0x000070000a81d000,0x000070000a91d000)]

Stack: [0x000070000a81d000,0x000070000a91d000],  sp=0x000070000a91b390,  free space=1016k
Native frames: (J=compiled Java code, A=aot compiled Java code, j=interpreted, Vv=VM code, C=native code)
V  [libjvm.dylib+0x734734]  _ZN7VMError14report_and_dieEiPKcS1_P13__va_list_tagP6ThreadPhPvS7_S1_im+0x5c0
V  [libjvm.dylib+0x734d4b]  _ZN7VMError14report_and_dieEP6ThreadPvPKciS4_S4_P13__va_list_tag+0x47
V  [libjvm.dylib+0x25b4b1]  _Z12report_fatalPKciS0_z+0xb5
V  [libjvm.dylib+0x649d97]  _ZN20SafepointSynchronize5blockEP10JavaThread+0x1d1
V  [libjvm.dylib+0x6e44a0]  _ZN10JavaThread44check_safepoint_and_suspend_for_native_transEPS_+0xa2
V  [libjvm.dylib+0x3c8a26]  jni_DeleteGlobalRef+0x8b
C  [libglass.dylib+0x8871]  -[GlassRunnable dealloc]+0x31
C  [Foundation+0x818be]  -[_NSThreadPerformInfo dealloc]+0x2a
C  [Foundation+0x4e446]  -[NSObject(NSThreadPerformAdditions) performSelectorOnMainThread:withObject:waitUntilDone:]+0x7c
j  com.sun.glass.ui.mac.MacApplication._submitForLaterInvocation(Ljava/lang/Runnable;)V+0
j  com.sun.glass.ui.mac.MacApplication.submitForLaterInvocation(Ljava/lang/Runnable;)V+2
j  com.sun.glass.ui.InvokeLaterDispatcher.run()V+82
v  ~StubRoutines::call_stub
V  [libjvm.dylib+0x392641]  _ZN9JavaCalls11call_helperEP9JavaValueRK12methodHandleP17JavaCallArgumentsP6Thread+0x285
V  [libjvm.dylib+0x391a20]  _ZN9JavaCalls12call_virtualEP9JavaValueP5KlassP6SymbolS5_P17JavaCallArgumentsP6Thread+0xee
V  [libjvm.dylib+0x391adc]  _ZN9JavaCalls12call_virtualEP9JavaValue6HandleP5KlassP6SymbolS6_P6Thread+0x62
V  [libjvm.dylib+0x4101e8]  _ZL12thread_entryP10JavaThreadP6Thread+0x78
V  [libjvm.dylib+0x6e2ecc]  _ZN10JavaThread17thread_main_innerEv+0x82
V  [libjvm.dylib+0x6e2d16]  _ZN10JavaThread3runEv+0x16c
V  [libjvm.dylib+0x6e0c1c]  _ZN6Thread8call_runEv+0x68
V  [libjvm.dylib+0x5db0df]  _ZL19thread_native_entryP6Thread+0x139
C  [libsystem_pthread.dylib+0x64e1]  _pthread_start+0x7d
C  [libsystem_pthread.dylib+0x1f6b]  thread_start+0xf

Java frames: (J=compiled Java code, j=interpreted, Vv=VM code)
j  com.sun.glass.ui.mac.MacApplication._submitForLaterInvocation(Ljava/lang/Runnable;)V+0
j  com.sun.glass.ui.mac.MacApplication.submitForLaterInvocation(Ljava/lang/Runnable;)V+2
j  com.sun.glass.ui.InvokeLaterDispatcher.run()V+82
v  ~StubRoutines::call_stub

---------------  P R O C E S S  ---------------

Threads class SMR info:
_java_thread_list=0x00006000030907a0, length=16, elements={
0x00007fdaee00c000, 0x00007fdaec811800, 0x00007fdaed80f800, 0x00007fdaec80e800,
0x00007fdaec815000, 0x00007fdaee852800, 0x00007fdaee048800, 0x00007fdaee043000,
0x00007fdaec846800, 0x00007fdaec855800, 0x00007fdaec924800, 0x00007fdaeeb47800,
0x00007fdaed9e3800, 0x00007fdaec9ae000, 0x00007fdaee210800, 0x00007fdaeeccc000
}

Java Threads: ( => current thread )
  0x00007fdaee00c000 JavaThread "main" [_thread_blocked, id=9987, stack(0x000070000945e000,0x000070000955e000)]
  0x00007fdaec811800 JavaThread "Reference Handler" daemon [_thread_blocked, id=14083, stack(0x0000700009b73000,0x0000700009c73000)]
  0x00007fdaed80f800 JavaThread "Finalizer" daemon [_thread_blocked, id=18435, stack(0x0000700009c76000,0x0000700009d76000)]
  0x00007fdaec80e800 JavaThread "Signal Dispatcher" daemon [_thread_blocked, id=16643, stack(0x0000700009f02000,0x000070000a002000)]
  0x00007fdaec815000 JavaThread "C2 CompilerThread0" daemon [_thread_in_native, id=21763, stack(0x000070000a005000,0x000070000a105000)]
  0x00007fdaee852800 JavaThread "C1 CompilerThread0" daemon [_thread_blocked, id=43267, stack(0x000070000a108000,0x000070000a208000)]
  0x00007fdaee048800 JavaThread "Sweeper thread" daemon [_thread_blocked, id=22531, stack(0x000070000a20b000,0x000070000a30b000)]
  0x00007fdaee043000 JavaThread "Service Thread" daemon [_thread_blocked, id=22787, stack(0x000070000a30e000,0x000070000a40e000)]
  0x00007fdaec846800 JavaThread "Common-Cleaner" daemon [_thread_blocked, id=41731, stack(0x000070000a514000,0x000070000a614000)]
  0x00007fdaec855800 JavaThread "JavaFX-Launcher" [_thread_blocked, id=41475, stack(0x000070000a617000,0x000070000a717000)]
  0x00007fdaec924800 JavaThread "QuantumRenderer-0" daemon [_thread_blocked, id=24835, stack(0x000070000a71a000,0x000070000a81a000)]
=>0x00007fdaeeb47800 JavaThread "InvokeLaterDispatcher" daemon [_thread_in_native, id=38151, stack(0x000070000a81d000,0x000070000a91d000)]
  0x00007fdaed9e3800 JavaThread "JavaFX Application Thread" [_thread_in_native_trans, id=259, stack(0x00007ff7b213d000,0x00007ff7b293d000)]
  0x00007fdaec9ae000 JavaThread "Thread-3" daemon [_thread_in_native, id=46855, stack(0x000070000a920000,0x000070000a9a0000)]
  0x00007fdaee210800 JavaThread "Prism Font Disposer" daemon [_thread_blocked, id=71691, stack(0x000070000adb2000,0x000070000aeb2000)]
  0x00007fdaeeccc000 JavaThread "Cleaner-0" daemon [_thread_blocked, id=64011, stack(0x000070000afbb000,0x000070000b0bb000)]

Other Threads:
  0x00007fdaed83c800 VMThread "VM Thread" [stack: 0x0000700009a70000,0x0000700009b70000] [id=13315]
  0x00007fdaec845800 WatcherThread [stack: 0x000070000a411000,0x000070000a511000] [id=23299]
  0x00007fdaed821000 GCTaskThread "GC Thread#0" [stack: 0x0000700009561000,0x0000700009661000] [id=20995]
  0x00007fdaeda8f000 GCTaskThread "GC Thread#1" [stack: 0x000070000aaa9000,0x000070000aba9000] [id=80135]
  0x00007fdaeeb73000 GCTaskThread "GC Thread#2" [stack: 0x000070000abac000,0x000070000acac000] [id=55043]
  0x00007fdaec9c2000 GCTaskThread "GC Thread#3" [stack: 0x000070000acaf000,0x000070000adaf000] [id=77315]
  0x00007fdaee82d000 ConcurrentGCThread "G1 Main Marker" [stack: 0x0000700009664000,0x0000700009764000] [id=11523]
  0x00007fdaee82d800 ConcurrentGCThread "G1 Conc#0" [stack: 0x0000700009767000,0x0000700009867000] [id=12035]
  0x00007fdaed82f000 ConcurrentGCThread "G1 Refine#0" [stack: 0x000070000986a000,0x000070000996a000] [id=12291]
  0x00007fdaec810800 ConcurrentGCThread "G1 Young RemSet Sampling" [stack: 0x000070000996d000,0x0000700009a6d000] [id=19459]

Threads with active compile tasks:
C2 CompilerThread0  2483   !   4       jdk.internal.loader.BuiltinClassLoader::loadClassOrNull (143 bytes)

VM state:not at safepoint (normal execution)

VM Mutex/Monitor currently owned by a thread: None

Heap address: 0x0000000780000000, size: 2048 MB, Compressed Oops mode: Zero based, Oop shift amount: 3
Narrow klass base: 0x0000000800000000, Narrow klass shift: 3
Compressed class space size: 1073741824 Address: 0x0000000801101000

Heap:
 garbage-first heap   total 51200K, used 23761K [0x0000000780000000, 0x0000000800000000)
  region size 1024K, 14 young (14336K), 3 survivors (3072K)
 Metaspace       used 22322K, capacity 23439K, committed 23676K, reserved 1069056K
  class space    used 3204K, capacity 3651K, committed 3708K, reserved 1048576K
Heap Regions: E=young(eden), S=young(survivor), O=old, HS=humongous(starts), HC=humongous(continues), CS=collection set, F=free, A=archive, TAMS=top-at-mark-start (previous, next)
|   0|0x0000000780000000, 0x0000000780100000, 0x0000000780100000|100%| O|  |TAMS 0x0000000780100000, 0x0000000780000000| Untracked 
|   1|0x0000000780100000, 0x0000000780200000, 0x0000000780200000|100%| O|  |TAMS 0x0000000780200000, 0x0000000780100000| Untracked 
|   2|0x0000000780200000, 0x0000000780300000, 0x0000000780300000|100%| O|  |TAMS 0x0000000780300000, 0x0000000780200000| Untracked 
|   3|0x0000000780300000, 0x0000000780400000, 0x0000000780400000|100%| O|  |TAMS 0x0000000780400000, 0x0000000780300000| Untracked 
|   4|0x0000000780400000, 0x0000000780500000, 0x0000000780500000|100%| O|  |TAMS 0x0000000780470200, 0x0000000780400000| Untracked 
|   5|0x0000000780500000, 0x0000000780600000, 0x0000000780600000|100%| O|  |TAMS 0x0000000780500000, 0x0000000780500000| Untracked 
|   6|0x0000000780600000, 0x0000000780700000, 0x0000000780700000|100%| O|  |TAMS 0x0000000780600000, 0x0000000780600000| Untracked 
|   7|0x0000000780700000, 0x0000000780800000, 0x0000000780800000|100%| O|  |TAMS 0x0000000780700000, 0x0000000780700000| Untracked 
|   8|0x0000000780800000, 0x0000000780859600, 0x0000000780900000| 34%| O|  |TAMS 0x0000000780800000, 0x0000000780800000| Untracked 
|   9|0x0000000780900000, 0x0000000780a00000, 0x0000000780a00000|100%|HS|  |TAMS 0x0000000780900000, 0x0000000780900000| Complete 
|  10|0x0000000780a00000, 0x0000000780b00000, 0x0000000780b00000|100%|HC|  |TAMS 0x0000000780a00000, 0x0000000780a00000| Complete 
|  11|0x0000000780b00000, 0x0000000780b00000, 0x0000000780c00000|  0%| F|  |TAMS 0x0000000780b00000, 0x0000000780b00000| Untracked 
|  12|0x0000000780c00000, 0x0000000780c00000, 0x0000000780d00000|  0%| F|  |TAMS 0x0000000780c00000, 0x0000000780c00000| Untracked 
|  13|0x0000000780d00000, 0x0000000780d00000, 0x0000000780e00000|  0%| F|  |TAMS 0x0000000780d00000, 0x0000000780d00000| Untracked 
|  14|0x0000000780e00000, 0x0000000780e00000, 0x0000000780f00000|  0%| F|  |TAMS 0x0000000780e00000, 0x0000000780e00000| Untracked 
|  15|0x0000000780f00000, 0x0000000780f00000, 0x0000000781000000|  0%| F|  |TAMS 0x0000000780f00000, 0x0000000780f00000| Untracked 
|  16|0x0000000781000000, 0x0000000781000000, 0x0000000781100000|  0%| F|  |TAMS 0x0000000781000000, 0x0000000781000000| Untracked 
|  17|0x0000000781100000, 0x0000000781100000, 0x0000000781200000|  0%| F|  |TAMS 0x0000000781100000, 0x0000000781100000| Untracked 
|  18|0x0000000781200000, 0x0000000781200000, 0x0000000781300000|  0%| F|  |TAMS 0x0000000781200000, 0x0000000781200000| Untracked 
|  19|0x0000000781300000, 0x0000000781300000, 0x0000000781400000|  0%| F|  |TAMS 0x0000000781300000, 0x0000000781300000| Untracked 
|  20|0x0000000781400000, 0x0000000781400000, 0x0000000781500000|  0%| F|  |TAMS 0x0000000781400000, 0x0000000781400000| Untracked 
|  21|0x0000000781500000, 0x0000000781500000, 0x0000000781600000|  0%| F|  |TAMS 0x0000000781500000, 0x0000000781500000| Untracked 
|  22|0x0000000781600000, 0x0000000781600000, 0x0000000781700000|  0%| F|  |TAMS 0x0000000781600000, 0x0000000781600000| Untracked 
|  23|0x0000000781700000, 0x0000000781700000, 0x0000000781800000|  0%| F|  |TAMS 0x0000000781700000, 0x0000000781700000| Untracked 
|  24|0x0000000781800000, 0x0000000781800000, 0x0000000781900000|  0%| F|  |TAMS 0x0000000781800000, 0x0000000781800000| Untracked 
|  25|0x0000000781900000, 0x0000000781900000, 0x0000000781a00000|  0%| F|  |TAMS 0x0000000781900000, 0x0000000781900000| Untracked 
|  26|0x0000000781a00000, 0x0000000781a00000, 0x0000000781b00000|  0%| F|  |TAMS 0x0000000781a00000, 0x0000000781a00000| Untracked 
|  27|0x0000000781b00000, 0x0000000781b00000, 0x0000000781c00000|  0%| F|  |TAMS 0x0000000781b00000, 0x0000000781b00000| Untracked 
|  28|0x0000000781c00000, 0x0000000781c00000, 0x0000000781d00000|  0%| F|  |TAMS 0x0000000781c00000, 0x0000000781c00000| Untracked 
|  29|0x0000000781d00000, 0x0000000781d00000, 0x0000000781e00000|  0%| F|  |TAMS 0x0000000781d00000, 0x0000000781d00000| Untracked 
|  30|0x0000000781e00000, 0x0000000781e00000, 0x0000000781f00000|  0%| F|  |TAMS 0x0000000781e00000, 0x0000000781e00000| Untracked 
|  31|0x0000000781f00000, 0x0000000781f00000, 0x0000000782000000|  0%| F|  |TAMS 0x0000000781f00000, 0x0000000781f00000| Untracked 
|  32|0x0000000782000000, 0x0000000782000000, 0x0000000782100000|  0%| F|  |TAMS 0x0000000782000000, 0x0000000782000000| Untracked 
|  33|0x0000000782100000, 0x0000000782100000, 0x0000000782200000|  0%| F|  |TAMS 0x0000000782100000, 0x0000000782100000| Untracked 
|  34|0x0000000782200000, 0x00000007822bc978, 0x0000000782300000| 73%| E|  |TAMS 0x0000000782200000, 0x0000000782200000| Complete 
|  35|0x0000000782300000, 0x0000000782400000, 0x0000000782400000|100%| E|CS|TAMS 0x0000000782300000, 0x0000000782300000| Complete 
|  36|0x0000000782400000, 0x0000000782500000, 0x0000000782500000|100%| E|CS|TAMS 0x0000000782400000, 0x0000000782400000| Complete 
|  37|0x0000000782500000, 0x0000000782600000, 0x0000000782600000|100%| E|CS|TAMS 0x0000000782500000, 0x0000000782500000| Complete 
|  38|0x0000000782600000, 0x0000000782700000, 0x0000000782700000|100%| E|CS|TAMS 0x0000000782600000, 0x0000000782600000| Complete 
|  39|0x0000000782700000, 0x0000000782800000, 0x0000000782800000|100%| E|CS|TAMS 0x0000000782700000, 0x0000000782700000| Complete 
|  40|0x0000000782800000, 0x0000000782900000, 0x0000000782900000|100%| E|CS|TAMS 0x0000000782800000, 0x0000000782800000| Complete 
|  41|0x0000000782900000, 0x0000000782a00000, 0x0000000782a00000|100%| E|CS|TAMS 0x0000000782900000, 0x0000000782900000| Complete 
|  42|0x0000000782a00000, 0x0000000782b00000, 0x0000000782b00000|100%| E|CS|TAMS 0x0000000782a00000, 0x0000000782a00000| Complete 
|  43|0x0000000782b00000, 0x0000000782c00000, 0x0000000782c00000|100%| E|CS|TAMS 0x0000000782b00000, 0x0000000782b00000| Complete 
| 105|0x0000000786900000, 0x0000000786922f18, 0x0000000786a00000| 13%| S|CS|TAMS 0x0000000786900000, 0x0000000786900000| Complete 
| 106|0x0000000786a00000, 0x0000000786b00000, 0x0000000786b00000|100%| S|CS|TAMS 0x0000000786a00000, 0x0000000786a00000| Complete 
| 107|0x0000000786b00000, 0x0000000786c00000, 0x0000000786c00000|100%| S|CS|TAMS 0x0000000786b00000, 0x0000000786b00000| Complete 
| 127|0x0000000787f00000, 0x0000000788000000, 0x0000000788000000|100%| E|CS|TAMS 0x0000000787f00000, 0x0000000787f00000| Complete 
|1022|0x00000007bfe00000, 0x00000007bfe48000, 0x00000007bff00000| 28%|OA|  |TAMS 0x00000007bfe48000, 0x00000007bfe00000| Untracked 
|1023|0x00000007bff00000, 0x00000007bff70000, 0x00000007c0000000| 43%|CA|  |TAMS 0x00000007bff70000, 0x00000007bff00000| Untracked 

Card table byte_map: [0x000000010dd6c000,0x000000010e16c000] _byte_map_base: 0x000000010a16c000

Marking Bits (Prev, Next): (CMBitMap*) 0x00007fdaee80f658, (CMBitMap*) 0x00007fdaee80f618
 Prev Bits: [0x00000001290aa000, 0x000000012b0aa000)
 Next Bits: [0x000000010f53b000, 0x000000011153b000)

Polling page: 0x000000010d6f8000

Metaspace:

Usage:
  Non-class:     19.32 MB capacity,    18.67 MB ( 97%) used,   550.17 KB (  3%) free+waste,   118.88 KB ( <1%) overhead. 
      Class:      3.57 MB capacity,     3.13 MB ( 88%) used,   384.98 KB ( 11%) free+waste,    62.00 KB (  2%) overhead. 
       Both:     22.89 MB capacity,    21.80 MB ( 95%) used,   935.15 KB (  4%) free+waste,   180.88 KB ( <1%) overhead. 

Virtual space:
  Non-class space:       20.00 MB reserved,      19.50 MB ( 98%) committed 
      Class space:        1.00 GB reserved,       3.62 MB ( <1%) committed 
             Both:        1.02 GB reserved,      23.12 MB (  2%) committed 

Chunk freelists:
   Non-Class:  0 bytes
       Class:  3.12 KB
        Both:  3.12 KB

CodeHeap 'non-profiled nmethods': size=120032Kb used=960Kb max_used=960Kb free=119071Kb
 bounds [0x0000000121b72000, 0x0000000121de2000, 0x00000001290aa000]
CodeHeap 'profiled nmethods': size=120032Kb used=5075Kb max_used=5075Kb free=114956Kb
 bounds [0x000000011a63a000, 0x000000011ab3a000, 0x0000000121b72000]
CodeHeap 'non-nmethods': size=5696Kb used=1360Kb max_used=1368Kb free=4335Kb
 bounds [0x000000011a0aa000, 0x000000011a31a000, 0x000000011a63a000]
 total_blobs=3827 nmethods=2602 adapters=716
 compilation: enabled
              stopped_count=0, restarted_count=0
 full_count=0

Compilation events (10 events):
Event: 6.831 Thread 0x00007fdaee852800 2613       3       java.util.WeakHashMap::entrySet (27 bytes)
Event: 6.832 Thread 0x00007fdaee852800 nmethod 2613 0x000000011ab2d090 code [0x000000011ab2d260, 0x000000011ab2d6d0]
Event: 6.832 Thread 0x00007fdaee852800 2614       3       java.util.WeakHashMap$EntrySet::iterator (12 bytes)
Event: 6.832 Thread 0x00007fdaee852800 nmethod 2614 0x000000011ab2d810 code [0x000000011ab2d9e0, 0x000000011ab2dce8]
Event: 6.864 Thread 0x00007fdaee852800 2615       3       java.lang.ref.ReferenceQueue::<init> (21 bytes)
Event: 6.865 Thread 0x00007fdaee852800 nmethod 2615 0x000000011ab2de10 code [0x000000011ab2dfe0, 0x000000011ab2e350]
Event: 6.865 Thread 0x00007fdaee852800 2616       3       java.lang.ref.ReferenceQueue$Lock::<init> (5 bytes)
Event: 6.865 Thread 0x00007fdaee852800 nmethod 2616 0x000000011ab2e490 code [0x000000011ab2e640, 0x000000011ab2e810]
Event: 7.036 Thread 0x00007fdaee852800 2617       1       com.sun.glass.ui.InvokeLaterDispatcher::access$000 (5 bytes)
Event: 7.036 Thread 0x00007fdaee852800 nmethod 2617 0x0000000121c61d90 code [0x0000000121c61f40, 0x0000000121c62030]

GC Heap History (8 events):
Event: 1.365 GC heap before
{Heap before GC invocations=0 (full 0):
 garbage-first heap   total 133120K, used 15072K [0x0000000780000000, 0x0000000800000000)
  region size 1024K, 14 young (14336K), 0 survivors (0K)
 Metaspace       used 4188K, capacity 6966K, committed 7296K, reserved 1056768K
  class space    used 472K, capacity 773K, committed 896K, reserved 1048576K
}
Event: 1.383 GC heap after
{Heap after GC invocations=1 (full 0):
 garbage-first heap   total 133120K, used 4768K [0x0000000780000000, 0x0000000800000000)
  region size 1024K, 2 young (2048K), 2 survivors (2048K)
 Metaspace       used 4188K, capacity 6966K, committed 7296K, reserved 1056768K
  class space    used 472K, capacity 773K, committed 896K, reserved 1048576K
}
Event: 2.281 GC heap before
{Heap before GC invocations=1 (full 0):
 garbage-first heap   total 133120K, used 16032K [0x0000000780000000, 0x0000000800000000)
  region size 1024K, 13 young (13312K), 2 survivors (2048K)
 Metaspace       used 7022K, capacity 9355K, committed 9600K, reserved 1058816K
  class space    used 768K, capacity 1036K, committed 1152K, reserved 1048576K
}
Event: 2.292 GC heap after
{Heap after GC invocations=2 (full 0):
 garbage-first heap   total 133120K, used 5894K [0x0000000780000000, 0x0000000800000000)
  region size 1024K, 1 young (1024K), 1 survivors (1024K)
 Metaspace       used 7022K, capacity 9355K, committed 9600K, reserved 1058816K
  class space    used 768K, capacity 1036K, committed 1152K, reserved 1048576K
}
Event: 4.030 GC heap before
{Heap before GC invocations=2 (full 0):
 garbage-first heap   total 133120K, used 34566K [0x0000000780000000, 0x0000000800000000)
  region size 1024K, 30 young (30720K), 1 survivors (1024K)
 Metaspace       used 15226K, capacity 15988K, committed 16256K, reserved 1062912K
  class space    used 1973K, capacity 2153K, committed 2176K, reserved 1048576K
}
Event: 4.042 GC heap after
{Heap after GC invocations=3 (full 0):
 garbage-first heap   total 133120K, used 9343K [0x0000000780000000, 0x0000000800000000)
  region size 1024K, 4 young (4096K), 4 survivors (4096K)
 Metaspace       used 15226K, capacity 15988K, committed 16256K, reserved 1062912K
  class space    used 1973K, capacity 2153K, committed 2176K, reserved 1048576K
}
Event: 5.385 GC heap before
{Heap before GC invocations=3 (full 0):
 garbage-first heap   total 133120K, used 28799K [0x0000000780000000, 0x0000000800000000)
  region size 1024K, 24 young (24576K), 4 survivors (4096K)
 Metaspace       used 20267K, capacity 21197K, committed 21248K, reserved 1067008K
  class space    used 2957K, capacity 3327K, committed 3328K, reserved 1048576K
}
Event: 5.403 GC heap after
{Heap after GC invocations=4 (full 0):
 garbage-first heap   total 133120K, used 11473K [0x0000000780000000, 0x0000000800000000)
  region size 1024K, 3 young (3072K), 3 survivors (3072K)
 Metaspace       used 20267K, capacity 21197K, committed 21248K, reserved 1067008K
  class space    used 2957K, capacity 3327K, committed 3328K, reserved 1048576K
}

Deoptimization events (10 events):
Event: 4.137 Thread 0x00007fdaed9e3800 Uncommon trap: reason=class_check action=maybe_recompile pc=0x0000000121b97f70 method=java.lang.String.equals(Ljava/lang/Object;)Z @ 8 c2
Event: 4.137 Thread 0x00007fdaed9e3800 Uncommon trap: reason=class_check action=maybe_recompile pc=0x0000000121b97f70 method=java.lang.String.equals(Ljava/lang/Object;)Z @ 8 c2
Event: 4.137 Thread 0x00007fdaed9e3800 Uncommon trap: reason=class_check action=maybe_recompile pc=0x0000000121b97f70 method=java.lang.String.equals(Ljava/lang/Object;)Z @ 8 c2
Event: 4.140 Thread 0x00007fdaed9e3800 Uncommon trap: reason=class_check action=maybe_recompile pc=0x0000000121b97f70 method=java.lang.String.equals(Ljava/lang/Object;)Z @ 8 c2
Event: 4.696 Thread 0x00007fdaed9e3800 Uncommon trap: reason=unstable_if action=reinterpret pc=0x0000000121b9c364 method=java.lang.CharacterData.of(I)Ljava/lang/CharacterData; @ 4 c2
Event: 4.699 Thread 0x00007fdaed9e3800 Uncommon trap: reason=unstable_if action=reinterpret pc=0x0000000121b867b0 method=java.lang.String.isLatin1()Z @ 10 c2
Event: 4.700 Thread 0x00007fdaed9e3800 Uncommon trap: reason=unstable_if action=reinterpret pc=0x0000000121c048e4 method=java.lang.String.equals(Ljava/lang/Object;)Z @ 34 c2
Event: 5.135 Thread 0x00007fdaed9e3800 Uncommon trap: reason=unstable_if action=reinterpret pc=0x0000000121bf60ec method=java.lang.ClassLoader.checkName(Ljava/lang/String;)Z @ 20 c2
Event: 5.222 Thread 0x00007fdaed9e3800 Uncommon trap: reason=unstable_if action=reinterpret pc=0x0000000121c12230 method=java.net.URL.<init>(Ljava/net/URL;Ljava/lang/String;Ljava/net/URLStreamHandler;)V @ 347 c2
Event: 5.815 Thread 0x00007fdaec924800 Uncommon trap: reason=unstable_if action=reinterpret pc=0x0000000121c4c724 method=java.util.Arrays.equals([Ljava/lang/Object;[Ljava/lang/Object;)Z @ 23 c2

Classes redefined (0 events):
No events

Internal exceptions (10 events):
Event: 3.815 Thread 0x00007fdaed9e3800 Exception <a 'java/io/FileNotFoundException'{0x00000007864169f8}> (0x00000007864169f8) thrown at [/scratch/mesos/slaves/ae206c0d-865c-4d69-a16b-c4e90bf2719f-S399/frameworks/1735e8a2-a1db-478c-8104-60c8b0af87dd-0196/executors/d4337cad-8111-46d8-8d39-fb2ce6
Event: 4.061 Thread 0x00007fdaed9e3800 Exception <a 'java/io/FileNotFoundException'{0x0000000787f49488}> (0x0000000787f49488) thrown at [/scratch/mesos/slaves/ae206c0d-865c-4d69-a16b-c4e90bf2719f-S399/frameworks/1735e8a2-a1db-478c-8104-60c8b0af87dd-0196/executors/d4337cad-8111-46d8-8d39-fb2ce6
Event: 4.127 Thread 0x00007fdaed9e3800 Exception <a 'java/io/FileNotFoundException'{0x0000000787e77810}> (0x0000000787e77810) thrown at [/scratch/mesos/slaves/ae206c0d-865c-4d69-a16b-c4e90bf2719f-S399/frameworks/1735e8a2-a1db-478c-8104-60c8b0af87dd-0196/executors/d4337cad-8111-46d8-8d39-fb2ce6
Event: 4.159 Thread 0x00007fdaed9e3800 Exception <a 'java/lang/NoSuchMethodError'{0x0000000787d289c8}: java.lang.invoke.DirectMethodHandle$Holder.invokeSpecial(Ljava/lang/Object;Ljava/lang/Object;Ljava/lang/Object;Ljava/lang/Object;)V> (0x0000000787d289c8) thrown at [/scratch/mesos/slaves/ae20
Event: 4.306 Thread 0x00007fdaed9e3800 Exception <a 'java/lang/NoSuchMethodError'{0x0000000787a9a688}: java.lang.invoke.DirectMethodHandle$Holder.invokeInterface(Ljava/lang/Object;Ljava/lang/Object;Ljava/lang/Object;)Ljava/lang/Object;> (0x0000000787a9a688) thrown at [/scratch/mesos/slaves/ae2
Event: 4.306 Thread 0x00007fdaed9e3800 Exception <a 'java/lang/IncompatibleClassChangeError'{0x0000000787a9d590}: Found class java.lang.Object, but interface was expected> (0x0000000787a9d590) thrown at [/scratch/mesos/slaves/ae206c0d-865c-4d69-a16b-c4e90bf2719f-S399/frameworks/1735e8a2-a1db-4
Event: 4.721 Thread 0x00007fdaed9e3800 Exception <a 'java/lang/NoSuchMethodError'{0x000000078786ea38}: java.lang.invoke.Invokers$Holder.linkToTargetMethod(Ljava/lang/Object;ILjava/lang/Object;)Ljava/lang/Object;> (0x000000078786ea38) thrown at [/scratch/mesos/slaves/ae206c0d-865c-4d69-a16b-c4e
Event: 5.465 Thread 0x00007fdaed9e3800 Exception <a 'java/lang/NoSuchMethodError'{0x0000000782b3c9c8}: java.lang.invoke.DirectMethodHandle$Holder.invokeStatic(Ljava/lang/Object;Ljava/lang/Object;II)Ljava/lang/Object;> (0x0000000782b3c9c8) thrown at [/scratch/mesos/slaves/ae206c0d-865c-4d69-a16
Event: 5.702 Thread 0x00007fdaed9e3800 Exception <a 'java/lang/NoSuchMethodError'{0x00000007827aa8b0}: java.lang.invoke.DirectMethodHandle$Holder.invokeStaticInit(Ljava/lang/Object;Ljava/lang/Object;Ljava/lang/Object;)J> (0x00000007827aa8b0) thrown at [/scratch/mesos/slaves/ae206c0d-865c-4d69-
Event: 5.705 Thread 0x00007fdaed9e3800 Exception <a 'java/lang/NoSuchMethodError'{0x00000007827bedc8}: java.lang.invoke.Invokers$Holder.linkToTargetMethod(Ljava/lang/Object;JLjava/lang/Object;)Ljava/lang/Object;> (0x00000007827bedc8) thrown at [/scratch/mesos/slaves/ae206c0d-865c-4d69-a16b-c4e

Events (10 events):
Event: 6.033 loading class com/sun/prism/impl/ps/CachingShapeRepState$CacheEntry
Event: 6.033 loading class com/sun/prism/impl/ps/CachingShapeRepState$CacheEntry done
Event: 6.033 loading class com/sun/prism/impl/ps/CachingShapeRepState$CacheEntry
Event: 6.033 loading class com/sun/prism/impl/ps/CachingShapeRepState$CacheEntry done
Event: 6.033 loading class com/sun/prism/impl/ps/CachingShapeRepState$CacheEntry
Event: 6.033 loading class com/sun/prism/impl/ps/CachingShapeRepState$CacheEntry done
Event: 6.034 loading class com/sun/prism/impl/ps/CachingShapeRepState$MaskTexData
Event: 6.034 loading class com/sun/prism/impl/ps/CachingShapeRepState$MaskTexData done
Event: 6.034 loading class com/sun/prism/impl/ps/CachingShapeRepState$CSRDisposerRecord
Event: 6.034 loading class com/sun/prism/impl/ps/CachingShapeRepState$CSRDisposerRecord done


Dynamic libraries:
0x000000010d6da000 	/Library/Java/JavaVirtualMachines/jdk-12.0.2.jdk/Contents/Home/lib/libjli.dylib
0x00007ff827cac000 	/usr/lib/libz.1.dylib
0x00007ff827d8c000 	/usr/lib/libSystem.B.dylib
0x00007ff827d87000 	/usr/lib/system/libcache.dylib
0x00007ff827d43000 	/usr/lib/system/libcommonCrypto.dylib
0x00007ff827d6c000 	/usr/lib/system/libcompiler_rt.dylib
0x00007ff827d62000 	/usr/lib/system/libcopyfile.dylib
0x00007ff81cd1a000 	/usr/lib/system/libcorecrypto.dylib
0x00007ff81cdd8000 	/usr/lib/system/libdispatch.dylib
0x00007ff81cf98000 	/usr/lib/system/libdyld.dylib
0x00007ff827d7e000 	/usr/lib/system/libkeymgr.dylib
0x00007ff827d21000 	/usr/lib/system/libmacho.dylib
0x00007ff8273a2000 	/usr/lib/system/libquarantine.dylib
0x00007ff827d7c000 	/usr/lib/system/libremovefile.dylib
0x00007ff821f2d000 	/usr/lib/system/libsystem_asl.dylib
0x00007ff81ccc3000 	/usr/lib/system/libsystem_blocks.dylib
0x00007ff81ce5c000 	/usr/lib/system/libsystem_c.dylib
0x00007ff827d74000 	/usr/lib/system/libsystem_collections.dylib
0x00007ff826656000 	/usr/lib/system/libsystem_configuration.dylib
0x00007ff8258ff000 	/usr/lib/system/libsystem_containermanager.dylib
0x00007ff827a59000 	/usr/lib/system/libsystem_coreservices.dylib
0x00007ff81f5ce000 	/usr/lib/system/libsystem_darwin.dylib
0x00007ff827d7f000 	/usr/lib/system/libsystem_dnssd.dylib
0x00007ff81ce59000 	/usr/lib/system/libsystem_featureflags.dylib
0x00007ff81cfae000 	/usr/lib/system/libsystem_info.dylib
0x00007ff827cbf000 	/usr/lib/system/libsystem_m.dylib
0x00007ff81cdac000 	/usr/lib/system/libsystem_malloc.dylib
0x00007ff821ec8000 	/usr/lib/system/libsystem_networkextension.dylib
0x00007ff81f9f4000 	/usr/lib/system/libsystem_notify.dylib
0x00007ff82dffe000 	/usr/lib/system/libsystem_product_info_filter.dylib
0x00007ff82665a000 	/usr/lib/system/libsystem_sandbox.dylib
0x00007ff827d79000 	/usr/lib/system/libsystem_secinit.dylib
0x00007ff81cf54000 	/usr/lib/system/libsystem_kernel.dylib
0x00007ff81cfa4000 	/usr/lib/system/libsystem_platform.dylib
0x00007ff81cf8c000 	/usr/lib/system/libsystem_pthread.dylib
0x00007ff82377b000 	/usr/lib/system/libsystem_symptoms.dylib
0x00007ff81cd01000 	/usr/lib/system/libsystem_trace.dylib
0x00007ff827d4f000 	/usr/lib/system/libunwind.dylib
0x00007ff81ccc5000 	/usr/lib/system/libxpc.dylib
0x00007ff81cf3e000 	/usr/lib/libc++abi.dylib
0x00007ff81ce1f000 	/usr/lib/libobjc.A.dylib
0x00007ff827d5a000 	/usr/lib/liboah.dylib
0x00007ff81cee5000 	/usr/lib/libc++.1.dylib
0x00007ff833e00000 	/System/Library/Frameworks/Cocoa.framework/Versions/A/Cocoa
0x00007ff81fa52000 	/System/Library/Frameworks/AppKit.framework/Versions/C/AppKit
0x00007ff822f69000 	/System/Library/Frameworks/CoreData.framework/Versions/A/CoreData
0x00007ff81de55000 	/System/Library/Frameworks/Foundation.framework/Versions/C/Foundation
0x00007ff8208e2000 	/System/Library/PrivateFrameworks/UIFoundation.framework/Versions/A/UIFoundation
0x00007ff82dd01000 	/System/Library/PrivateFrameworks/RemoteViewServices.framework/Versions/A/RemoteViewServices
0x00007ff825fe0000 	/System/Library/PrivateFrameworks/XCTTargetBootstrap.framework/Versions/A/XCTTargetBootstrap
0x00007ff829b97000 	/System/Library/PrivateFrameworks/InternationalSupport.framework/Versions/A/InternationalSupport
0x00007ff829c21000 	/System/Library/PrivateFrameworks/UserActivity.framework/Versions/A/UserActivity
0x00007ff828f73000 	/usr/lib/libspindump.dylib
0x00007ff820b71000 	/System/Library/Frameworks/UniformTypeIdentifiers.framework/Versions/A/UniformTypeIdentifiers
0x00007ff824704000 	/usr/lib/libapp_launch_measurement.dylib
0x00007ff82393b000 	/System/Library/PrivateFrameworks/CoreAnalytics.framework/Versions/A/CoreAnalytics
0x00007ff824707000 	/System/Library/PrivateFrameworks/CoreAutoLayout.framework/Versions/A/CoreAutoLayout
0x00007ff825937000 	/System/Library/Frameworks/Metal.framework/Versions/A/Metal
0x00007ff826666000 	/usr/lib/liblangid.dylib
0x00007ff825fe5000 	/System/Library/PrivateFrameworks/CoreSVG.framework/Versions/A/CoreSVG
0x00007ff821f5d000 	/System/Library/PrivateFrameworks/SkyLight.framework/Versions/A/SkyLight
0x00007ff8222fc000 	/System/Library/Frameworks/CoreGraphics.framework/Versions/A/CoreGraphics
0x00007ff82e3c1000 	/System/Library/Frameworks/Accelerate.framework/Versions/A/Accelerate
0x00007ff8289f2000 	/System/Library/PrivateFrameworks/IconServices.framework/Versions/A/IconServices
0x00007ff82591c000 	/System/Library/Frameworks/IOSurface.framework/Versions/A/IOSurface
0x00007ff823969000 	/usr/lib/libDiagnosticMessagesClient.dylib
0x00007ff831aa4000 	/System/Library/Frameworks/ApplicationServices.framework/Versions/A/ApplicationServices
0x00007ff825fcc000 	/System/Library/PrivateFrameworks/DFRFoundation.framework/Versions/A/DFRFoundation
0x00007ff81f33a000 	/usr/lib/libicucore.A.dylib
0x00007ff82a98d000 	/System/Library/Frameworks/AudioToolbox.framework/Versions/A/AudioToolbox
0x00007ff829ba3000 	/System/Library/PrivateFrameworks/DataDetectorsCore.framework/Versions/A/DataDetectorsCore
0x00007ff9260a0000 	/System/Library/PrivateFrameworks/TextInput.framework/Versions/A/TextInput
0x00007ff821ee0000 	/usr/lib/libMobileGestalt.dylib
0x00007ff825cd8000 	/System/Library/Frameworks/Carbon.framework/Versions/A/Frameworks/HIToolbox.framework/Versions/A/HIToolbox
0x00007ff824106000 	/System/Library/Frameworks/QuartzCore.framework/Versions/A/QuartzCore
0x00007ff81efdf000 	/System/Library/Frameworks/Security.framework/Versions/A/Security
0x00007ff82dd39000 	/System/Library/Frameworks/Carbon.framework/Versions/A/Frameworks/SpeechRecognition.framework/Versions/A/SpeechRecognition
0x00007ff824464000 	/System/Library/PrivateFrameworks/CoreUI.framework/Versions/A/CoreUI
0x00007ff81e8a9000 	/System/Library/Frameworks/CoreAudio.framework/Versions/A/CoreAudio
0x00007ff823a58000 	/System/Library/Frameworks/DiskArbitration.framework/Versions/A/DiskArbitration
0x00007ff829363000 	/System/Library/PrivateFrameworks/MultitouchSupport.framework/Versions/A/MultitouchSupport
0x00007ff821edf000 	/usr/lib/libenergytrace.dylib
0x00007ff81f93e000 	/System/Library/Frameworks/IOKit.framework/Versions/A/IOKit
0x00007ff82e129000 	/System/Library/Frameworks/CoreServices.framework/Versions/A/CoreServices
0x00007ff82469e000 	/System/Library/PrivateFrameworks/PerformanceAnalysis.framework/Versions/A/PerformanceAnalysis
0x00007ffa35d7f000 	/System/Library/Frameworks/OpenGL.framework/Versions/A/OpenGL
0x00007ff8272c8000 	/System/Library/PrivateFrameworks/MobileKeyBag.framework/Versions/A/MobileKeyBag
0x00007ff8229c8000 	/System/Library/Frameworks/ColorSync.framework/Versions/A/ColorSync
0x00007ff81cfd9000 	/System/Library/Frameworks/CoreFoundation.framework/Versions/A/CoreFoundation
0x00007ff82625c000 	/System/Library/Frameworks/CoreImage.framework/Versions/A/CoreImage
0x00007ff81e6bd000 	/System/Library/Frameworks/CoreText.framework/Versions/A/CoreText
0x00007ff826015000 	/System/Library/Frameworks/ImageIO.framework/Versions/A/ImageIO
0x00007ff827d92000 	/System/Library/PrivateFrameworks/SoftLinking.framework/Versions/A/SoftLinking
0x00007ff82474f000 	/usr/lib/libxml2.2.dylib
0x00007ff828016000 	/usr/lib/libcompression.dylib
0x00007ff829aca000 	/System/Library/PrivateFrameworks/TextureIO.framework/Versions/A/TextureIO
0x00007ff828704000 	/usr/lib/libate.dylib
0x00007ff8284e0000 	/usr/lib/liblzma.5.dylib
0x00007ff81db67000 	/System/Library/Frameworks/SystemConfiguration.framework/Versions/A/SystemConfiguration
0x00007ff827d8e000 	/usr/lib/libfakelink.dylib
0x00007ff821a38000 	/System/Library/Frameworks/CFNetwork.framework/Versions/A/CFNetwork
0x00007ff827ecf000 	/usr/lib/libarchive.2.dylib
0x00007ff826662000 	/System/Library/PrivateFrameworks/AppleSystemInfo.framework/Versions/A/AppleSystemInfo
0x00007ff8273c9000 	/usr/lib/libbsm.0.dylib
0x00007ff821047000 	/usr/lib/libnetwork.dylib
0x00007ff827d27000 	/usr/lib/system/libkxld.dylib
0x00007ff826ffc000 	/System/Library/PrivateFrameworks/IOMobileFramebuffer.framework/Versions/A/IOMobileFramebuffer
0x00007ffb35756000 	/usr/lib/libCoreEntitlements.dylib
0x00007ff827a3b000 	/System/Library/PrivateFrameworks/AppleFSCompression.framework/Versions/A/AppleFSCompression
0x00007ff8273b1000 	/usr/lib/libcoretls.dylib
0x00007ff8284fa000 	/usr/lib/libcoretls_cfhelpers.dylib
0x00007ff828011000 	/usr/lib/libpam.2.dylib
0x00007ff82339a000 	/usr/lib/libsqlite3.dylib
0x00007ff828569000 	/usr/lib/libxar.1.dylib
0x00007ff827a4b000 	/usr/lib/libbz2.1.0.dylib
0x00007ff827d93000 	/usr/lib/libpcap.A.dylib
0x00007ff823773000 	/usr/lib/libdns_services.dylib
0x00007ff827fe1000 	/usr/lib/libapple_nghttp2.dylib
0x00007ff827dcd000 	/usr/lib/libiconv.2.dylib
0x00007ff827d20000 	/usr/lib/libcharset.1.dylib
0x00007ff8246d2000 	/System/Library/Frameworks/CoreServices.framework/Versions/A/Frameworks/FSEvents.framework/Versions/A/FSEvents
0x00007ff81f5d8000 	/System/Library/Frameworks/CoreServices.framework/Versions/A/Frameworks/CarbonCore.framework/Versions/A/CarbonCore
0x00007ff8239bc000 	/System/Library/Frameworks/CoreServices.framework/Versions/A/Frameworks/Metadata.framework/Versions/A/Metadata
0x00007ff827a5e000 	/System/Library/Frameworks/CoreServices.framework/Versions/A/Frameworks/OSServices.framework/Versions/A/OSServices
0x00007ff827f56000 	/System/Library/Frameworks/CoreServices.framework/Versions/A/Frameworks/SearchKit.framework/Versions/A/SearchKit
0x00007ff823705000 	/System/Library/Frameworks/CoreServices.framework/Versions/A/Frameworks/AE.framework/Versions/A/AE
0x00007ff81d4dc000 	/System/Library/Frameworks/CoreServices.framework/Versions/A/Frameworks/LaunchServices.framework/Versions/A/LaunchServices
0x00007ff828491000 	/System/Library/Frameworks/CoreServices.framework/Versions/A/Frameworks/DictionaryServices.framework/Versions/A/DictionaryServices
0x00007ff8246df000 	/System/Library/Frameworks/CoreServices.framework/Versions/A/Frameworks/SharedFileList.framework/Versions/A/SharedFileList
0x00007ff8273a5000 	/usr/lib/libCheckFix.dylib
0x00007ff821f44000 	/System/Library/PrivateFrameworks/TCC.framework/Versions/A/TCC
0x00007ff826668000 	/System/Library/PrivateFrameworks/CoreNLP.framework/Versions/A/CoreNLP
0x00007ff82396c000 	/System/Library/PrivateFrameworks/MetadataUtilities.framework/Versions/A/MetadataUtilities
0x00007ff81dc18000 	/usr/lib/libmecabra.dylib
0x00007ff8273d9000 	/usr/lib/libmecab.dylib
0x00007ff81dbe3000 	/usr/lib/libCRFSuite.dylib
0x00007ff827433000 	/usr/lib/libgermantok.dylib
0x00007ff827fbc000 	/usr/lib/libThaiTokenizer.dylib
0x00007ff823a5f000 	/System/Library/Frameworks/Accelerate.framework/Versions/A/Frameworks/vImage.framework/Versions/A/vImage
0x00007ff82e100000 	/System/Library/Frameworks/Accelerate.framework/Versions/A/Frameworks/vecLib.framework/Versions/A/vecLib
0x00007ff8285aa000 	/System/Library/Frameworks/Accelerate.framework/Versions/A/Frameworks/vecLib.framework/Versions/A/libvMisc.dylib
0x00007ff826e27000 	/System/Library/Frameworks/Accelerate.framework/Versions/A/Frameworks/vecLib.framework/Versions/A/libvDSP.dylib
0x00007ff81d857000 	/System/Library/Frameworks/Accelerate.framework/Versions/A/Frameworks/vecLib.framework/Versions/A/libBLAS.dylib
0x00007ff8280f3000 	/System/Library/Frameworks/Accelerate.framework/Versions/A/Frameworks/vecLib.framework/Versions/A/libLAPACK.dylib
0x00007ff827436000 	/System/Library/Frameworks/Accelerate.framework/Versions/A/Frameworks/vecLib.framework/Versions/A/libLinearAlgebra.dylib
0x00007ff827ff9000 	/System/Library/Frameworks/Accelerate.framework/Versions/A/Frameworks/vecLib.framework/Versions/A/libSparseBLAS.dylib
0x00007ff8280ed000 	/System/Library/Frameworks/Accelerate.framework/Versions/A/Frameworks/vecLib.framework/Versions/A/libQuadrature.dylib
0x00007ff826753000 	/System/Library/Frameworks/Accelerate.framework/Versions/A/Frameworks/vecLib.framework/Versions/A/libBNNS.dylib
0x00007ff81daf1000 	/System/Library/Frameworks/Accelerate.framework/Versions/A/Frameworks/vecLib.framework/Versions/A/libSparse.dylib
0x00007ff82674c000 	/System/Library/PrivateFrameworks/LinguisticData.framework/Versions/A/LinguisticData
0x00007ff81daa7000 	/System/Library/PrivateFrameworks/Lexicon.framework/Versions/A/Lexicon
0x00007ff8285a3000 	/usr/lib/libChineseTokenizer.dylib
0x00007ff81e212000 	/System/Library/PrivateFrameworks/LanguageModeling.framework/Versions/A/LanguageModeling
0x00007ff827fbe000 	/System/Library/PrivateFrameworks/AppleSauce.framework/Versions/A/AppleSauce
0x00007ff826fea000 	/System/Library/PrivateFrameworks/CoreEmoji.framework/Versions/A/CoreEmoji
0x00007ff827ebe000 	/usr/lib/libcmph.dylib
0x00007ff8246b6000 	/System/Library/Frameworks/OpenDirectory.framework/Versions/A/Frameworks/CFOpenDirectory.framework/Versions/A/CFOpenDirectory
0x00007ff8246aa000 	/System/Library/Frameworks/OpenDirectory.framework/Versions/A/OpenDirectory
0x00007ff8284fc000 	/System/Library/PrivateFrameworks/APFS.framework/Versions/A/APFS
0x00007ff827300000 	/System/Library/Frameworks/SecurityFoundation.framework/Versions/A/SecurityFoundation
0x00007ff828577000 	/usr/lib/libutil.dylib
0x00007ff81f902000 	/System/Library/PrivateFrameworks/CoreServicesStore.framework/Versions/A/CoreServicesStore
0x00007ff82857b000 	/usr/lib/libxslt.1.dylib
0x00007ff82738d000 	/System/Library/PrivateFrameworks/BackgroundTaskManagement.framework/Versions/A/BackgroundTaskManagement
0x00007ff8299ea000 	/System/Library/Frameworks/ImageIO.framework/Versions/A/Resources/libRadiance.dylib
0x00007ff8299f3000 	/System/Library/Frameworks/ImageIO.framework/Versions/A/Resources/libJPEG.dylib
0x00007ff829942000 	/System/Library/Frameworks/ImageIO.framework/Versions/A/Resources/libPng.dylib
0x00007ff829963000 	/System/Library/Frameworks/ImageIO.framework/Versions/A/Resources/libTIFF.dylib
0x00007ff829a53000 	/System/Library/Frameworks/ImageIO.framework/Versions/A/Resources/libGIF.dylib
0x00007ff82927d000 	/System/Library/Frameworks/ImageIO.framework/Versions/A/Resources/libJP2.dylib
0x00007ff8289b9000 	/usr/lib/libexpat.1.dylib
0x00007ff829232000 	/System/Library/PrivateFrameworks/AppleJPEG.framework/Versions/A/AppleJPEG
0x00007ff825b9c000 	/System/Library/PrivateFrameworks/FontServices.framework/libFontParser.dylib
0x00007ff8236af000 	/System/Library/PrivateFrameworks/RunningBoardServices.framework/Versions/A/RunningBoardServices
0x00007ff8343bb000 	/System/Library/PrivateFrameworks/IOSurfaceAccelerator.framework/Versions/A/IOSurfaceAccelerator
0x00007ff82935f000 	/System/Library/PrivateFrameworks/WatchdogClient.framework/Versions/A/WatchdogClient
0x00007ff81e300000 	/System/Library/Frameworks/CoreDisplay.framework/Versions/A/CoreDisplay
0x00007ff825a9a000 	/System/Library/Frameworks/CoreMedia.framework/Versions/A/CoreMedia
0x00007ff82592e000 	/System/Library/PrivateFrameworks/IOAccelerator.framework/Versions/A/IOAccelerator
0x00007ff824833000 	/System/Library/Frameworks/CoreVideo.framework/Versions/A/CoreVideo
0x00007ff82800f000 	/System/Library/Frameworks/MetalPerformanceShaders.framework/Versions/A/MetalPerformanceShaders
0x00007ff82939c000 	/System/Library/Frameworks/VideoToolbox.framework/Versions/A/VideoToolbox
0x00007ff8235f9000 	/System/Library/PrivateFrameworks/BaseBoard.framework/Versions/A/BaseBoard
0x00007ff823380000 	/System/Library/PrivateFrameworks/ProtocolBuffer.framework/Versions/A/ProtocolBuffer
0x00007ff8299e3000 	/System/Library/PrivateFrameworks/GPUWrangler.framework/Versions/A/GPUWrangler
0x00007ff8299c7000 	/System/Library/PrivateFrameworks/IOPresentment.framework/Versions/A/IOPresentment
0x00007ff8299ed000 	/System/Library/PrivateFrameworks/DSExternalDisplay.framework/Versions/A/DSExternalDisplay
0x00007ffa35d73000 	/System/Library/Frameworks/OpenGL.framework/Versions/A/Libraries/libCoreFSCache.dylib
0x00007ffb22e49000 	/System/Library/PrivateFrameworks/GPUCompiler.framework/Versions/31001/Libraries/libGPUCompilerUtils.dylib
0x00007ff829a58000 	/System/Library/PrivateFrameworks/CMCaptureCore.framework/Versions/A/CMCaptureCore
0x00007ff828f61000 	/System/Library/PrivateFrameworks/AppServerSupport.framework/Versions/A/AppServerSupport
0x00007ff82b226000 	/System/Library/PrivateFrameworks/perfdata.framework/Versions/A/perfdata
0x00007ff81e42c000 	/System/Library/PrivateFrameworks/AudioToolboxCore.framework/Versions/A/AudioToolboxCore
0x00007ff825a78000 	/System/Library/PrivateFrameworks/caulk.framework/Versions/A/caulk
0x00007ff82ab38000 	/usr/lib/libAudioStatistics.dylib
0x00007ff92282e000 	/System/Library/PrivateFrameworks/SystemPolicy.framework/Versions/A/SystemPolicy
0x00007ff82ad93000 	/usr/lib/libSMC.dylib
0x00007ff833cb3000 	/System/Library/Frameworks/CoreMIDI.framework/Versions/A/CoreMIDI
0x00007ff829911000 	/usr/lib/libAudioToolboxUtility.dylib
0x00007ff91ea56000 	/System/Library/PrivateFrameworks/OSAServicesClient.framework/Versions/A/OSAServicesClient
0x00007ff82b233000 	/usr/lib/libperfcheck.dylib
0x00007ff9232db000 	/usr/lib/libmis.dylib
0x00007ffa35dce000 	/System/Library/Frameworks/OpenGL.framework/Versions/A/Libraries/libGLU.dylib
0x00007ffa35d92000 	/System/Library/Frameworks/OpenGL.framework/Versions/A/Libraries/libGFXShared.dylib
0x00007ffa35f9b000 	/System/Library/Frameworks/OpenGL.framework/Versions/A/Libraries/libGL.dylib
0x00007ffa35d9b000 	/System/Library/Frameworks/OpenGL.framework/Versions/A/Libraries/libGLImage.dylib
0x00007ffa35d8f000 	/System/Library/Frameworks/OpenGL.framework/Versions/A/Libraries/libCVMSPluginSupport.dylib
0x00007ffa35d7a000 	/System/Library/Frameworks/OpenGL.framework/Versions/A/Libraries/libCoreVMClient.dylib
0x00007ff8265e4000 	/System/Library/Frameworks/MetalPerformanceShaders.framework/Versions/A/Frameworks/MPSCore.framework/Versions/A/MPSCore
0x00007ff8279a6000 	/System/Library/Frameworks/MetalPerformanceShaders.framework/Versions/A/Frameworks/MPSImage.framework/Versions/A/MPSImage
0x00007ff82744c000 	/System/Library/Frameworks/MetalPerformanceShaders.framework/Versions/A/Frameworks/MPSNeuralNetwork.framework/Versions/A/MPSNeuralNetwork
0x00007ff8278c0000 	/System/Library/Frameworks/MetalPerformanceShaders.framework/Versions/A/Frameworks/MPSMatrix.framework/Versions/A/MPSMatrix
0x00007ff82767b000 	/System/Library/Frameworks/MetalPerformanceShaders.framework/Versions/A/Frameworks/MPSRayIntersector.framework/Versions/A/MPSRayIntersector
0x00007ff8278f8000 	/System/Library/Frameworks/MetalPerformanceShaders.framework/Versions/A/Frameworks/MPSNDArray.framework/Versions/A/MPSNDArray
0x00007ffa3b853000 	/System/Library/Frameworks/MetalPerformanceShaders.framework/Versions/A/Frameworks/MPSFunctions.framework/Versions/A/MPSFunctions
0x00007ff81d733000 	/System/Library/PrivateFrameworks/MetalTools.framework/Versions/A/MetalTools
0x00007ff826660000 	/System/Library/PrivateFrameworks/AggregateDictionary.framework/Versions/A/AggregateDictionary
0x00007ff82879b000 	/usr/lib/libIOReport.dylib
0x00007ffa373aa000 	/System/Library/Frameworks/OpenCL.framework/Versions/A/OpenCL
0x00007ff828aff000 	/System/Library/PrivateFrameworks/FaceCore.framework/Versions/A/FaceCore
0x00007ff828af0000 	/System/Library/PrivateFrameworks/GraphVisualizer.framework/Versions/A/GraphVisualizer
0x00007ffb22d54000 	/System/Library/PrivateFrameworks/FontServices.framework/Versions/A/FontServices
0x00007ff828f19000 	/System/Library/PrivateFrameworks/OTSVG.framework/Versions/A/OTSVG
0x00007ff824419000 	/System/Library/Frameworks/ApplicationServices.framework/Versions/A/Frameworks/ATS.framework/Versions/A/Resources/libFontRegistry.dylib
0x00007ff828f69000 	/System/Library/PrivateFrameworks/FontServices.framework/libhvf.dylib
0x00007ffb22d55000 	/System/Library/PrivateFrameworks/FontServices.framework/libXTFontStaticRegistryData.dylib
0x00007ff828969000 	/System/Library/PrivateFrameworks/AppleVA.framework/Versions/A/AppleVA
0x00007ff82ab58000 	/System/Library/Frameworks/ApplicationServices.framework/Versions/A/Frameworks/ATS.framework/Versions/A/ATS
0x00007ff822ac6000 	/System/Library/Frameworks/ApplicationServices.framework/Versions/A/Frameworks/HIServices.framework/Versions/A/HIServices
0x00007ff829a62000 	/System/Library/Frameworks/ApplicationServices.framework/Versions/A/Frameworks/PrintCore.framework/Versions/A/PrintCore
0x00007ff82aee6000 	/System/Library/Frameworks/ApplicationServices.framework/Versions/A/Frameworks/QD.framework/Versions/A/QD
0x00007ff82aede000 	/System/Library/Frameworks/ApplicationServices.framework/Versions/A/Frameworks/ColorSyncLegacy.framework/Versions/A/ColorSyncLegacy
0x00007ff82ab48000 	/System/Library/Frameworks/ApplicationServices.framework/Versions/A/Frameworks/SpeechSynthesis.framework/Versions/A/SpeechSynthesis
0x00007ff829a23000 	/System/Library/Frameworks/ApplicationServices.framework/Versions/A/Frameworks/ATSUI.framework/Versions/A/ATSUI
0x00007ff82ae73000 	/usr/lib/libcups.2.dylib
0x00007ff82b242000 	/System/Library/Frameworks/Kerberos.framework/Versions/A/Kerberos
0x00007ff82b251000 	/System/Library/Frameworks/GSS.framework/Versions/A/GSS
0x00007ff82abc4000 	/usr/lib/libresolv.9.dylib
0x00007ff828f78000 	/System/Library/PrivateFrameworks/Heimdal.framework/Versions/A/Heimdal
0x00007ff831e36000 	/System/Library/Frameworks/Kerberos.framework/Versions/A/Libraries/libHeimdalProxy.dylib
0x00007ff823783000 	/System/Library/Frameworks/Network.framework/Versions/A/Network
0x00007ff8289d3000 	/usr/lib/libheimdal-asn1.dylib
0x00007ff82b29c000 	/System/Library/PrivateFrameworks/CommonAuth.framework/Versions/A/CommonAuth
0x00007ff82aaca000 	/System/Library/PrivateFrameworks/AudioSession.framework/Versions/A/AudioSession
0x00007ff828a63000 	/System/Library/PrivateFrameworks/MediaExperience.framework/Versions/A/MediaExperience
0x00007ff82a95c000 	/System/Library/PrivateFrameworks/AudioSession.framework/libSessionUtility.dylib
0x00007ff82aef2000 	/System/Library/PrivateFrameworks/AudioResourceArbitration.framework/Versions/A/AudioResourceArbitration
0x00007ff82ef73000 	/System/Library/PrivateFrameworks/PowerLog.framework/Versions/A/PowerLog
0x00007ff8289dc000 	/System/Library/PrivateFrameworks/IconFoundation.framework/Versions/A/IconFoundation
0x00007ff82dd29000 	/System/Library/PrivateFrameworks/SpeechRecognitionCore.framework/Versions/A/SpeechRecognitionCore
0x000000010e3de000 	/Library/Java/JavaVirtualMachines/jdk-12.0.2.jdk/Contents/Home/lib/server/libjvm.dylib
0x000000010d702000 	/Library/Java/JavaVirtualMachines/jdk-12.0.2.jdk/Contents/Home/lib/libverify.dylib
0x000000010d732000 	/Library/Java/JavaVirtualMachines/jdk-12.0.2.jdk/Contents/Home/lib/libjava.dylib
0x000000010d716000 	/Library/Java/JavaVirtualMachines/jdk-12.0.2.jdk/Contents/Home/lib/libzip.dylib
0x000000010d71e000 	/Library/Java/JavaVirtualMachines/jdk-12.0.2.jdk/Contents/Home/lib/libjimage.dylib
0x000000010e1cb000 	/Library/Java/JavaVirtualMachines/jdk-12.0.2.jdk/Contents/Home/lib/libnio.dylib
0x000000010e1ec000 	/Library/Java/JavaVirtualMachines/jdk-12.0.2.jdk/Contents/Home/lib/libnet.dylib
0x000000010e1d9000 	/Users/izzhafeez/.openjfx/cache/11/libprism_es2.dylib
0x00007ff81f8c4000 	/System/Library/PrivateFrameworks/CoreServicesInternal.framework/Versions/A/CoreServicesInternal
0x00007ffa35fa6000 	/System/Library/Frameworks/OpenGL.framework/Versions/A/Resources/GLEngine.bundle/GLEngine
0x00007ffa35e0c000 	/System/Library/Frameworks/OpenGL.framework/Versions/A/Libraries/libGLProgrammability.dylib
0x00007ffa2ae22000 	/System/Library/Extensions/AppleIntelKBLGraphicsGLDriver.bundle/Contents/MacOS/AppleIntelKBLGraphicsGLDriver
0x00007ff92d476000 	/System/Library/PrivateFrameworks/GPUSupport.framework/Versions/A/Libraries/libGPUSupportMercury.dylib
0x00007ffa36130000 	/System/Library/Frameworks/OpenGL.framework/Versions/A/Resources/GLRendererFloat.bundle/GLRendererFloat
0x0000000111882000 	/Users/izzhafeez/.openjfx/cache/11/libglass.dylib
0x00007ff82f564000 	/System/Library/Frameworks/FileProvider.framework/Versions/A/FileProvider
0x00007ff823566000 	/System/Library/Frameworks/Accounts.framework/Versions/A/Accounts
0x00007ff82f6dd000 	/System/Library/PrivateFrameworks/GenerationalStorage.framework/Versions/A/GenerationalStorage
0x00007ff8301ed000 	/System/Library/PrivateFrameworks/CoreSymbolication.framework/Versions/A/CoreSymbolication
0x00007ff82ef68000 	/System/Library/PrivateFrameworks/SymptomDiagnosticReporter.framework/Versions/A/SymptomDiagnosticReporter
0x00007ff820b85000 	/System/Library/PrivateFrameworks/DesktopServicesPriv.framework/Versions/A/DesktopServicesPriv
0x00007ff81fa03000 	/usr/lib/libsandbox.1.dylib
0x00007ff8248b2000 	/System/Library/PrivateFrameworks/UserManagement.framework/Versions/A/UserManagement
0x00007ff8301b2000 	/System/Library/PrivateFrameworks/DebugSymbols.framework/Versions/A/DebugSymbols
0x00007ff82aed3000 	/System/Library/PrivateFrameworks/NetAuth.framework/Versions/A/NetAuth
0x00007ff82bde2000 	/System/Library/PrivateFrameworks/Sharing.framework/Versions/A/Sharing
0x00007ff824885000 	/System/Library/PrivateFrameworks/login.framework/Versions/A/Frameworks/loginsupport.framework/Versions/A/loginsupport
0x00007ff831350000 	/System/Library/PrivateFrameworks/Apple80211.framework/Versions/A/Apple80211
0x00007ff827a8b000 	/System/Library/PrivateFrameworks/AuthKit.framework/Versions/A/AuthKit
0x00007ff8270e0000 	/System/Library/PrivateFrameworks/CoreUtils.framework/Versions/A/CoreUtils
0x00007ff827007000 	/System/Library/Frameworks/CoreWLAN.framework/Versions/A/CoreWLAN
0x00007ff82bf41000 	/System/Library/Frameworks/IOBluetooth.framework/Versions/A/IOBluetooth
0x00007ff8313b8000 	/System/Library/PrivateFrameworks/CoreWiFi.framework/Versions/A/CoreWiFi
0x00007ff82fd87000 	/System/Library/PrivateFrameworks/FrontBoardServices.framework/Versions/A/FrontBoardServices
0x00007ff82fe18000 	/System/Library/PrivateFrameworks/BoardServices.framework/Versions/A/BoardServices
0x00007ff8272ef000 	/System/Library/PrivateFrameworks/AssertionServices.framework/Versions/A/AssertionServices
0x00007ff83153b000 	/System/Library/PrivateFrameworks/BackBoardServices.framework/Versions/A/BackBoardServices
0x00007ff82b32d000 	/System/Library/PrivateFrameworks/CorePhoneNumbers.framework/Versions/A/CorePhoneNumbers
0x00007ff82abf1000 	/System/Library/PrivateFrameworks/MultiverseSupport.framework/Versions/A/MultiverseSupport
0x00007ff8317af000 	/System/Library/PrivateFrameworks/RemoteServiceDiscovery.framework/Versions/A/RemoteServiceDiscovery
0x00007ff82f085000 	/System/Library/PrivateFrameworks/DiskManagement.framework/Versions/A/DiskManagement
0x00007ff82ef99000 	/System/Library/PrivateFrameworks/AppleIDAuthSupport.framework/Versions/A/AppleIDAuthSupport
0x00007ffb1d6cf000 	/System/Library/PrivateFrameworks/AAAFoundation.framework/Versions/A/AAAFoundation
0x00007ff82b30e000 	/System/Library/PrivateFrameworks/KeychainCircle.framework/Versions/A/KeychainCircle
0x00007ff8317bf000 	/System/Library/PrivateFrameworks/RemoteXPC.framework/Versions/A/RemoteXPC
0x00007ff82f051000 	/System/Library/PrivateFrameworks/MediaKit.framework/Versions/A/MediaKit
0x00007ff82efa5000 	/System/Library/Frameworks/DiscRecording.framework/Versions/A/DiscRecording
0x00007ff8288e1000 	/usr/lib/libCoreStorage.dylib
0x00007ff83182a000 	/usr/lib/libcsfde.dylib
0x00007ff82c00e000 	/System/Library/PrivateFrameworks/ProtectedCloudStorage.framework/Versions/A/ProtectedCloudStorage
0x00007ff831826000 	/System/Library/PrivateFrameworks/EFILogin.framework/Versions/A/EFILogin
0x00007ff82f703000 	/System/Library/PrivateFrameworks/OctagonTrust.framework/Versions/A/OctagonTrust
0x00007ffb21fb7000 	/System/Library/PrivateFrameworks/CoreUtilsExtras.framework/Versions/A/CoreUtilsExtras
0x00007ff82eecc000 	/System/Library/Frameworks/CoreBluetooth.framework/Versions/A/CoreBluetooth
0x00007ff831ebb000 	/System/Library/Frameworks/AudioUnit.framework/Versions/A/AudioUnit
0x00007ff8288d9000 	/usr/lib/libMatch.1.dylib
0x00007ff9278ff000 	/System/Library/Frameworks/Accelerate.framework/Versions/A/Frameworks/vImage.framework/Versions/A/Libraries/libCGInterfaces.dylib
0x0000000111acc000 	/usr/lib/libobjc-trampolines.dylib
0x00007ff8245aa000 	/System/Library/PrivateFrameworks/ViewBridge.framework/Versions/A/ViewBridge
0x00007ffb35845000 	/usr/lib/libRosetta.dylib
0x0000000133e8e000 	/Users/izzhafeez/.openjfx/cache/11/libjavafx_font.dylib
0x00007ff829030000 	/System/Library/PrivateFrameworks/login.framework/Versions/A/login
0x0000000134567000 	/System/Library/Frameworks/FileProvider.framework/OverrideBundles/CloudDocsFileProvider.bundle/Contents/MacOS/CloudDocsFileProvider
0x00007ff824ac9000 	/System/Library/PrivateFrameworks/CloudDocs.framework/Versions/A/CloudDocs
0x00007ff831b5a000 	/System/Library/PrivateFrameworks/AppleAccount.framework/Versions/A/AppleAccount
0x00007ff82bff5000 	/System/Library/PrivateFrameworks/AppContainer.framework/Versions/A/AppContainer
0x00007ff82bab1000 	/System/Library/PrivateFrameworks/IDS.framework/Versions/A/IDS
0x00007ff831cb2000 	/System/Library/PrivateFrameworks/AppleIDSSOAuthentication.framework/Versions/A/AppleIDSSOAuthentication
0x00007ff824888000 	/System/Library/PrivateFrameworks/ApplePushService.framework/Versions/A/ApplePushService
0x00007ff8318ac000 	/System/Library/PrivateFrameworks/AppSupport.framework/Versions/A/AppSupport
0x00007ff82a8c1000 	/System/Library/PrivateFrameworks/IMFoundation.framework/Versions/A/IMFoundation
0x00007ff91e29a000 	/System/Library/PrivateFrameworks/Marco.framework/Versions/A/Marco
0x00007ff82bc25000 	/System/Library/PrivateFrameworks/IDSFoundation.framework/Versions/A/IDSFoundation
0x00007ff8235e1000 	/System/Library/PrivateFrameworks/CommonUtilities.framework/Versions/A/CommonUtilities
0x00007ff922eeb000 	/System/Library/PrivateFrameworks/FTServices.framework/Versions/A/FTServices
0x00007ff835710000 	/System/Library/PrivateFrameworks/Engram.framework/Versions/A/Engram
0x00007ff8356b7000 	/usr/lib/libtidy.A.dylib
0x00007ff8291dd000 	/System/Library/PrivateFrameworks/Bom.framework/Versions/A/Bom
0x00007ff82ac01000 	/usr/lib/libParallelCompression.dylib
0x00007ff8287a4000 	/System/Library/PrivateFrameworks/CrashReporterSupport.framework/Versions/A/CrashReporterSupport
0x00007ff92d23f000 	/System/Library/PrivateFrameworks/FTAWD.framework/Versions/A/FTAWD
0x00007ff92f317000 	/System/Library/PrivateFrameworks/OSAnalytics.framework/Versions/A/OSAnalytics
0x00007ff93a4cf000 	/System/Library/PrivateFrameworks/Symbolication.framework/Versions/A/Symbolication
0x00007ff9232b8000 	/System/Library/PrivateFrameworks/MallocStackLogging.framework/Versions/A/MallocStackLogging
0x00007ff82e439000 	/System/Library/PrivateFrameworks/CoreDaemon.framework/Versions/B/CoreDaemon
0x00007ff82e434000 	/System/Library/PrivateFrameworks/AppleSRP.framework/Versions/A/AppleSRP
0x00007ff827397000 	/System/Library/Frameworks/ServiceManagement.framework/Versions/A/ServiceManagement
0x00007ff82c00a000 	/System/Library/PrivateFrameworks/SecCodeWrapper.framework/Versions/A/SecCodeWrapper
0x0000000134535000 	/System/Library/Frameworks/FileProvider.framework/OverrideBundles/FileProviderOverride.bundle/Contents/MacOS/FileProviderOverride
0x0000000134600000 	/System/Library/Frameworks/FileProvider.framework/OverrideBundles/FinderSyncCollaborationFileProviderOverride.bundle/Contents/MacOS/FinderSyncCollaborationFileProviderOverride
0x00007ff9339f8000 	/System/Library/PrivateFrameworks/FinderSyncPriv.framework/Versions/A/FinderSyncPriv
0x00007ff8248d7000 	/System/Library/Frameworks/CloudKit.framework/Versions/A/CloudKit
0x00007ff831f67000 	/System/Library/PrivateFrameworks/C2.framework/Versions/A/C2
0x00007ff82585d000 	/System/Library/Frameworks/CoreLocation.framework/Versions/A/CoreLocation
0x00007ffb1f4b2000 	/System/Library/PrivateFrameworks/CloudKitDistributedSync.framework/Versions/A/CloudKitDistributedSync
0x00007ff831f5f000 	/System/Library/Frameworks/PushKit.framework/Versions/A/PushKit
0x00007ff8302c3000 	/System/Library/PrivateFrameworks/CoreTime.framework/Versions/A/CoreTime
0x00007ff833a58000 	/System/Library/PrivateFrameworks/RTCReporting.framework/Versions/A/RTCReporting
0x00007ff82c2d7000 	/System/Library/PrivateFrameworks/GeoServices.framework/Versions/A/GeoServices
0x00007ff82a934000 	/System/Library/PrivateFrameworks/LocationSupport.framework/Versions/A/LocationSupport
0x00007ffb23543000 	/System/Library/PrivateFrameworks/GeoServicesCore.framework/Versions/A/GeoServicesCore
0x00007ff91ea96000 	/System/Library/PrivateFrameworks/PhoneNumbers.framework/Versions/A/PhoneNumbers
0x00007ff9210e5000 	/usr/lib/libFosl_dynamic.dylib
0x00007ff9270a6000 	/usr/lib/libncurses.5.4.dylib
0x00007ffa28fa6000 	/System/Library/Extensions/AppleIntelKBLGraphicsMTLDriver.bundle/Contents/MacOS/AppleIntelKBLGraphicsMTLDriver
0x00007ff9232f6000 	/System/Library/PrivateFrameworks/GPURawCounter.framework/Versions/A/GPURawCounter


VM Arguments:
jvm_args: -Dfile.encoding=UTF-8 -Duser.country=GB -Duser.language=en -Duser.variant 
java_command: seedu.address.Main
java_class_path (initial): /Users/izzhafeez/Documents/School/CS2103T/tp/build/classes/java/main:/Users/izzhafeez/Documents/School/CS2103T/tp/build/resources/main:/Users/izzhafeez/.gradle/caches/modules-2/files-2.1/org.openjfx/javafx-fxml/11/d5ff9262ef49d166db658d15f37e3ecff38fde4b/javafx-fxml-11-win.jar:/Users/izzhafeez/.gradle/caches/modules-2/files-2.1/org.openjfx/javafx-fxml/11/e0f5bb81e21054b59f2ebfa727d40a90ee0260d3/javafx-fxml-11-mac.jar:/Users/izzhafeez/.gradle/caches/modules-2/files-2.1/org.openjfx/javafx-fxml/11/e7a757b580fc3e2e1a121768606c7836eef418c/javafx-fxml-11-linux.jar:/Users/izzhafeez/.gradle/caches/modules-2/files-2.1/org.openjfx/javafx-controls/11/af8d24de44e16a19ae959028eb23a48c145fb682/javafx-controls-11-win.jar:/Users/izzhafeez/.gradle/caches/modules-2/files-2.1/org.openjfx/javafx-controls/11/e3a24a14e8732abc6dc173f15872dc63e2a32e16/javafx-controls-11-mac.jar:/Users/izzhafeez/.gradle/caches/modules-2/files-2.1/org.openjfx/javafx-controls/11/794488e3b1f4635d9a1b842bdc872a5eb8fd54ca/javafx-controls-11-linux.jar:/Users/izzhafeez/.gradle/caches/modules-2/files-2.1/org.openjfx/javafx-controls/11/58d961774262ec972bf304e16c154a8e18c2050b/javafx-controls-11.jar:/Users/izzhafeez/.gradle/caches/modules-2/files-2.1/org.openjfx/javafx-graphics/11/9345c7ea43dbcc73a62eca5332717b4ce617e6c6/javafx-graphics-11-win.jar:/Users/izzhafeez/.gradle/caches/modules-2/files-2.1/org.openjfx/javafx-graphics/11/af47a6d3668d3ce1c61e1fe13c44471b6f8d469/javafx-graphics-11-mac.jar:/Users/izzhafeez/.gradle/caches/modules-2/files-2.1/org.openjfx/javafx-graphics/11/4ab9edd8d481a420044c473fdb5718ccdd35c836/javafx-graphics-11-linux.jar:/Users/izzhafeez/.gradle/caches/modules-2/files-2.1/org.openjfx/javafx-graphics/11/a736dd079047ec0b72b8c4970842a5c5e0c19f2f/javafx-graphics-11.jar:/Users/izzhafeez/.gradle/caches/modules-2/files-2.1/org.openjfx/javafx-base/11/ad3a4acfaa28b484d30c40c1f009445cc3f6e68b/javafx-base-11-win.jar:/Users/izzhafeez/.gradle/caches/modules-2/files-2.1/org.open
Launcher Type: SUN_STANDARD

[Global flags]
     intx CICompilerCount                          = 3                                         {product} {ergonomic}
     uint ConcGCThreads                            = 1                                         {product} {ergonomic}
     uint G1ConcRefinementThreads                  = 4                                         {product} {ergonomic}
   size_t G1HeapRegionSize                         = 1048576                                   {product} {ergonomic}
    uintx GCDrainStackTargetSize                   = 64                                        {product} {ergonomic}
   size_t InitialHeapSize                          = 134217728                                 {product} {ergonomic}
   size_t MarkStackSize                            = 4194304                                   {product} {ergonomic}
   size_t MaxHeapSize                              = 2147483648                                {product} {ergonomic}
   size_t MaxNewSize                               = 1287651328                                {product} {ergonomic}
   size_t MinHeapDeltaBytes                        = 1048576                                   {product} {ergonomic}
    uintx NonNMethodCodeHeapSize                   = 5830732                                {pd product} {ergonomic}
    uintx NonProfiledCodeHeapSize                  = 122913754                              {pd product} {ergonomic}
    uintx ProfiledCodeHeapSize                     = 122913754                              {pd product} {ergonomic}
    uintx ReservedCodeCacheSize                    = 251658240                              {pd product} {ergonomic}
     bool SegmentedCodeCache                       = true                                      {product} {ergonomic}
     bool UseCompressedClassPointers               = true                                 {lp64_product} {ergonomic}
     bool UseCompressedOops                        = true                                 {lp64_product} {ergonomic}
     bool UseG1GC                                  = true                                      {product} {ergonomic}

Logging:
Log output configuration:
 #0: stdout all=warning uptime,level,tags
 #1: stderr all=off uptime,level,tags

Environment Variables:
PATH=/Users/izzhafeez/.cargo/bin:/Users/izzhafeez/opt/anaconda3/bin:/Users/izzhafeez/opt/anaconda3/condabin:/Library/Frameworks/Python.framework/Versions/3.8/bin:/anaconda3/bin:/Library/Frameworks/Python.framework/Versions/3.7/bin:/usr/local/bin:/usr/bin:/bin:/usr/sbin:/sbin:/Library/PostgreSQL/14/bin:/Library/TeX/texbin:/Library/Apple/usr/bin
SHELL=/bin/bash

Signal Handlers:
SIGSEGV: [libjvm.dylib+0x735418], sa_mask[0]=11111111011111110111111111111111, sa_flags=SA_ONSTACK|SA_RESTART|SA_SIGINFO
SIGBUS: [libjvm.dylib+0x735418], sa_mask[0]=11111111011111110111111111111111, sa_flags=SA_RESTART|SA_SIGINFO
SIGFPE: [libjvm.dylib+0x735418], sa_mask[0]=11111111011111110111111111111111, sa_flags=SA_RESTART|SA_SIGINFO
SIGPIPE: [libjvm.dylib+0x5dce9e], sa_mask[0]=11111111011111110111111111111111, sa_flags=SA_RESTART|SA_SIGINFO
SIGXFSZ: [libjvm.dylib+0x5dce9e], sa_mask[0]=11111111011111110111111111111111, sa_flags=SA_RESTART|SA_SIGINFO
SIGILL: [libjvm.dylib+0x735418], sa_mask[0]=11111111011111110111111111111111, sa_flags=SA_RESTART|SA_SIGINFO
SIGUSR2: [libjvm.dylib+0x5dd483], sa_mask[0]=00100000000000000000000000000000, sa_flags=SA_RESTART|SA_SIGINFO
SIGHUP: [libjvm.dylib+0x5dc143], sa_mask[0]=11111111011111110111111111111111, sa_flags=SA_RESTART|SA_SIGINFO
SIGINT: [libjvm.dylib+0x5dc143], sa_mask[0]=11111111011111110111111111111111, sa_flags=SA_RESTART|SA_SIGINFO
SIGTERM: [libjvm.dylib+0x5dc143], sa_mask[0]=11111111011111110111111111111111, sa_flags=SA_RESTART|SA_SIGINFO
SIGQUIT: [libjvm.dylib+0x5dc143], sa_mask[0]=11111111011111110111111111111111, sa_flags=SA_RESTART|SA_SIGINFO


---------------  S Y S T E M  ---------------

OS:uname:Darwin 21.6.0 Darwin Kernel Version 21.6.0: Mon Dec 19 20:44:01 PST 2022; root:xnu-8020.240.18~2/RELEASE_X86_64 x86_64
rlimit: STACK 8192k, CORE 0k, NPROC 1392, NOFILE 10240, AS infinity, DATA infinity, FSIZE infinity
load average:6.60 7.77 6.45

CPU:total 4 (initial active 4) (2 cores per cpu, 2 threads per core) family 6 model 142 stepping 9, cmov, cx8, fxsr, mmx, sse, sse2, sse3, ssse3, sse4.1, sse4.2, popcnt, avx, avx2, aes, clmul, erms, 3dnowpref, lzcnt, ht, tsc, tscinvbit, bmi1, bmi2, adx, fma

Memory: 4k page, physical 8388608k(226700k free)

vm_info: Java HotSpot(TM) 64-Bit Server VM (12.0.2+10) for bsd-amd64 JRE (12.0.2+10), built on Jul 16 2019 00:56:38 by "mach5one" with gcc 4.2.1 Compatible Apple LLVM 9.1.0 (clang-902.0.39.2)

END.
